[0m[1mmodule.oci_lz_orchestrator.data.oci_identity_tenancy.this: Reading...[0m[0m
[0m[1mmodule.oci_lz_orchestrator.module.oci_lz_logging[0].data.oci_log_analytics_namespaces.logging_analytics_namespaces: Reading...[0m[0m
[0m[1mmodule.oci_lz_orchestrator.module.oci_lz_logging[0].data.oci_objectstorage_namespace.this[0]: Reading...[0m[0m
[0m[1mmodule.oci_lz_orchestrator.data.oci_identity_regions.these: Reading...[0m[0m
[0m[1mmodule.oci_lz_orchestrator.data.oci_identity_regions.these: Read complete after 0s [id=IdentityRegionsDataSource-0][0m
[0m[1mmodule.oci_lz_orchestrator.data.oci_identity_tenancy.this: Read complete after 0s [id=ocid1.tenancy.oc19..aaaaaaaa4ftkyx3ao73kndo3mbltj6gtbf27mxbgpu65a33ipgo2wqyj4zba][0m
[0m[1mmodule.oci_lz_orchestrator.module.oci_lz_logging[0].data.oci_log_analytics_namespaces.logging_analytics_namespaces: Read complete after 1s [id=LogAnalyticsNamespacesDataSource-1032845147][0m
[0m[1mmodule.oci_lz_orchestrator.module.oci_lz_logging[0].data.oci_objectstorage_namespace.this[0]: Read complete after 1s [id=ObjectStorageNamespaceDataSource-1032845147][0m
[0m[1mmodule.oci_lz_orchestrator.module.oci_lz_logging[0].data.oci_identity_compartment.these["CMP-LZ-NETWORK-KEY"]: Reading...[0m[0m
[0m[1mmodule.oci_lz_orchestrator.module.oci_lz_logging[0].data.oci_identity_compartment.these["CMP-LZ-NETWORK-KEY"]: Read complete after 0s [id=ocid1.compartment.oc19..aaaaaaaa5gtrrkqmob4ummcgl52exbo4d4vf55uvlzdku5j4fammf3b2pmlq][0m
[0m[1mmodule.oci_lz_orchestrator.module.oci_lz_logging[0].data.oci_core_subnets.these["CMP-LZ-NETWORK-KEY"]: Reading...[0m[0m
[0m[1mmodule.oci_lz_orchestrator.module.oci_lz_logging[0].data.oci_core_subnets.these["CMP-LZ-NETWORK-KEY"]: Read complete after 2s [id=CoreSubnetsDataSource-3142344064][0m

Terraform used the selected providers to generate the following execution
plan. Resource actions are indicated with the following symbols:
  [32m+[0m create[0m

Terraform will perform the following actions:

[1m  # module.oci_lz_orchestrator.local_file.custom_logs_output[0][0m will be created
[0m  [32m+[0m[0m resource "local_file" "custom_logs_output" {
      [32m+[0m[0m content              = jsonencode(
            {
              [32m+[0m[0m custom_logs = {}
            }
        )
      [32m+[0m[0m content_base64sha256 = (known after apply)
      [32m+[0m[0m content_base64sha512 = (known after apply)
      [32m+[0m[0m content_md5          = (known after apply)
      [32m+[0m[0m content_sha1         = (known after apply)
      [32m+[0m[0m content_sha256       = (known after apply)
      [32m+[0m[0m content_sha512       = (known after apply)
      [32m+[0m[0m directory_permission = "0777"
      [32m+[0m[0m file_permission      = "0777"
      [32m+[0m[0m filename             = "./dependencies/custom_logs_output.json"
      [32m+[0m[0m id                   = (known after apply)
    }

[1m  # module.oci_lz_orchestrator.local_file.service_logs_output[0][0m will be created
[0m  [32m+[0m[0m resource "local_file" "service_logs_output" {
      [32m+[0m[0m content              = (known after apply)
      [32m+[0m[0m content_base64sha256 = (known after apply)
      [32m+[0m[0m content_base64sha512 = (known after apply)
      [32m+[0m[0m content_md5          = (known after apply)
      [32m+[0m[0m content_sha1         = (known after apply)
      [32m+[0m[0m content_sha256       = (known after apply)
      [32m+[0m[0m content_sha512       = (known after apply)
      [32m+[0m[0m directory_permission = "0777"
      [32m+[0m[0m file_permission      = "0777"
      [32m+[0m[0m filename             = "./dependencies/service_logs_output.json"
      [32m+[0m[0m id                   = (known after apply)
    }

[1m  # module.oci_lz_orchestrator.module.oci_lz_logging[0].oci_logging_log.flow_logs["FLOW-LZ-NETWORK-KEY-O-D-OM2-SUB-EXACS-NPRBCK-001-C2UPJPHVKA"][0m will be created
[0m  [32m+[0m[0m resource "oci_logging_log" "flow_logs" {
      [32m+[0m[0m compartment_id     = (known after apply)
      [32m+[0m[0m defined_tags       = (known after apply)
      [32m+[0m[0m display_name       = "o-d-om2-sub-exacs-nprbck-001-c2upjphvka-flow-log"
      [32m+[0m[0m freeform_tags      = {
          [32m+[0m[0m "ocilz-terraform-module" = "logging/0.2.6"
        }
      [32m+[0m[0m id                 = (known after apply)
      [32m+[0m[0m is_enabled         = true
      [32m+[0m[0m log_group_id       = (known after apply)
      [32m+[0m[0m log_type           = "SERVICE"
      [32m+[0m[0m retention_duration = 180
      [32m+[0m[0m state              = (known after apply)
      [32m+[0m[0m tenancy_id         = (known after apply)
      [32m+[0m[0m time_created       = (known after apply)
      [32m+[0m[0m time_last_modified = (known after apply)

      [32m+[0m[0m configuration {
          [32m+[0m[0m compartment_id = (known after apply)

          [32m+[0m[0m source {
              [32m+[0m[0m category    = "subnet"
              [32m+[0m[0m parameters  = (known after apply)
              [32m+[0m[0m resource    = "ocid1.subnet.oc19.eu-madrid-2.aaaaaaaapzxknvaxdzhxhy6bnelwuyqykfwccruyrftnshskkcc2upjphvka"
              [32m+[0m[0m service     = "flowlogs"
              [32m+[0m[0m source_type = "OCISERVICE"
            }
        }
    }

[1m  # module.oci_lz_orchestrator.module.oci_lz_logging[0].oci_logging_log.flow_logs["FLOW-LZ-NETWORK-KEY-O-D-OM2-SUB-EXACS-NPRCLI-001-C254I22GPA"][0m will be created
[0m  [32m+[0m[0m resource "oci_logging_log" "flow_logs" {
      [32m+[0m[0m compartment_id     = (known after apply)
      [32m+[0m[0m defined_tags       = (known after apply)
      [32m+[0m[0m display_name       = "o-d-om2-sub-exacs-nprcli-001-c254i22gpa-flow-log"
      [32m+[0m[0m freeform_tags      = {
          [32m+[0m[0m "ocilz-terraform-module" = "logging/0.2.6"
        }
      [32m+[0m[0m id                 = (known after apply)
      [32m+[0m[0m is_enabled         = true
      [32m+[0m[0m log_group_id       = (known after apply)
      [32m+[0m[0m log_type           = "SERVICE"
      [32m+[0m[0m retention_duration = 180
      [32m+[0m[0m state              = (known after apply)
      [32m+[0m[0m tenancy_id         = (known after apply)
      [32m+[0m[0m time_created       = (known after apply)
      [32m+[0m[0m time_last_modified = (known after apply)

      [32m+[0m[0m configuration {
          [32m+[0m[0m compartment_id = (known after apply)

          [32m+[0m[0m source {
              [32m+[0m[0m category    = "subnet"
              [32m+[0m[0m parameters  = (known after apply)
              [32m+[0m[0m resource    = "ocid1.subnet.oc19.eu-madrid-2.aaaaaaaakekfuzcbd43hvuufgzx6x5uybwjcst35azjilncmjgc254i22gpa"
              [32m+[0m[0m service     = "flowlogs"
              [32m+[0m[0m source_type = "OCISERVICE"
            }
        }
    }

[1m  # module.oci_lz_orchestrator.module.oci_lz_logging[0].oci_logging_log.flow_logs["FLOW-LZ-NETWORK-KEY-O-P-OM2-SUB-EXACSPROBCK-001-G22XVWDW4Q"][0m will be created
[0m  [32m+[0m[0m resource "oci_logging_log" "flow_logs" {
      [32m+[0m[0m compartment_id     = (known after apply)
      [32m+[0m[0m defined_tags       = (known after apply)
      [32m+[0m[0m display_name       = "o-p-om2-sub-exacsprobck-001-g22xvwdw4q-flow-log"
      [32m+[0m[0m freeform_tags      = {
          [32m+[0m[0m "ocilz-terraform-module" = "logging/0.2.6"
        }
      [32m+[0m[0m id                 = (known after apply)
      [32m+[0m[0m is_enabled         = true
      [32m+[0m[0m log_group_id       = (known after apply)
      [32m+[0m[0m log_type           = "SERVICE"
      [32m+[0m[0m retention_duration = 180
      [32m+[0m[0m state              = (known after apply)
      [32m+[0m[0m tenancy_id         = (known after apply)
      [32m+[0m[0m time_created       = (known after apply)
      [32m+[0m[0m time_last_modified = (known after apply)

      [32m+[0m[0m configuration {
          [32m+[0m[0m compartment_id = (known after apply)

          [32m+[0m[0m source {
              [32m+[0m[0m category    = "subnet"
              [32m+[0m[0m parameters  = (known after apply)
              [32m+[0m[0m resource    = "ocid1.subnet.oc19.eu-madrid-2.aaaaaaaakmjkmcwkvu6a3aq4izcvnpsqlgcac7aivh55zn7p4bg22xvwdw4q"
              [32m+[0m[0m service     = "flowlogs"
              [32m+[0m[0m source_type = "OCISERVICE"
            }
        }
    }

[1m  # module.oci_lz_orchestrator.module.oci_lz_logging[0].oci_logging_log.flow_logs["FLOW-LZ-NETWORK-KEY-O-P-OM2-SUB-EXACSPROCLI-001-PM7FQADDZQ"][0m will be created
[0m  [32m+[0m[0m resource "oci_logging_log" "flow_logs" {
      [32m+[0m[0m compartment_id     = (known after apply)
      [32m+[0m[0m defined_tags       = (known after apply)
      [32m+[0m[0m display_name       = "o-p-om2-sub-exacsprocli-001-pm7fqaddzq-flow-log"
      [32m+[0m[0m freeform_tags      = {
          [32m+[0m[0m "ocilz-terraform-module" = "logging/0.2.6"
        }
      [32m+[0m[0m id                 = (known after apply)
      [32m+[0m[0m is_enabled         = true
      [32m+[0m[0m log_group_id       = (known after apply)
      [32m+[0m[0m log_type           = "SERVICE"
      [32m+[0m[0m retention_duration = 180
      [32m+[0m[0m state              = (known after apply)
      [32m+[0m[0m tenancy_id         = (known after apply)
      [32m+[0m[0m time_created       = (known after apply)
      [32m+[0m[0m time_last_modified = (known after apply)

      [32m+[0m[0m configuration {
          [32m+[0m[0m compartment_id = (known after apply)

          [32m+[0m[0m source {
              [32m+[0m[0m category    = "subnet"
              [32m+[0m[0m parameters  = (known after apply)
              [32m+[0m[0m resource    = "ocid1.subnet.oc19.eu-madrid-2.aaaaaaaa25at3fn2vvtxylgqpchpy6lwgcerzodsg3sc53qctppm7fqaddzq"
              [32m+[0m[0m service     = "flowlogs"
              [32m+[0m[0m source_type = "OCISERVICE"
            }
        }
    }

[1m  # module.oci_lz_orchestrator.module.oci_lz_logging[0].oci_logging_log.flow_logs["FLOW-LZ-NETWORK-KEY-O-P-OM2-SUB-HUBDNS-001-QLCFRJP3BQ"][0m will be created
[0m  [32m+[0m[0m resource "oci_logging_log" "flow_logs" {
      [32m+[0m[0m compartment_id     = (known after apply)
      [32m+[0m[0m defined_tags       = (known after apply)
      [32m+[0m[0m display_name       = "o-p-om2-sub-hubdns-001-qlcfrjp3bq-flow-log"
      [32m+[0m[0m freeform_tags      = {
          [32m+[0m[0m "ocilz-terraform-module" = "logging/0.2.6"
        }
      [32m+[0m[0m id                 = (known after apply)
      [32m+[0m[0m is_enabled         = true
      [32m+[0m[0m log_group_id       = (known after apply)
      [32m+[0m[0m log_type           = "SERVICE"
      [32m+[0m[0m retention_duration = 180
      [32m+[0m[0m state              = (known after apply)
      [32m+[0m[0m tenancy_id         = (known after apply)
      [32m+[0m[0m time_created       = (known after apply)
      [32m+[0m[0m time_last_modified = (known after apply)

      [32m+[0m[0m configuration {
          [32m+[0m[0m compartment_id = (known after apply)

          [32m+[0m[0m source {
              [32m+[0m[0m category    = "subnet"
              [32m+[0m[0m parameters  = (known after apply)
              [32m+[0m[0m resource    = "ocid1.subnet.oc19.eu-madrid-2.aaaaaaaana6o4ztydw3u3i7f4nv4xkmmjkscvdj6aiv5t6wnuxqlcfrjp3bq"
              [32m+[0m[0m service     = "flowlogs"
              [32m+[0m[0m source_type = "OCISERVICE"
            }
        }
    }

[1m  # module.oci_lz_orchestrator.module.oci_lz_logging[0].oci_logging_log.flow_logs["FLOW-LZ-NETWORK-KEY-O-P-OM2-SUB-HUBFW-001-GZFVFVZMDA"][0m will be created
[0m  [32m+[0m[0m resource "oci_logging_log" "flow_logs" {
      [32m+[0m[0m compartment_id     = (known after apply)
      [32m+[0m[0m defined_tags       = (known after apply)
      [32m+[0m[0m display_name       = "o-p-om2-sub-hubfw-001-gzfvfvzmda-flow-log"
      [32m+[0m[0m freeform_tags      = {
          [32m+[0m[0m "ocilz-terraform-module" = "logging/0.2.6"
        }
      [32m+[0m[0m id                 = (known after apply)
      [32m+[0m[0m is_enabled         = true
      [32m+[0m[0m log_group_id       = (known after apply)
      [32m+[0m[0m log_type           = "SERVICE"
      [32m+[0m[0m retention_duration = 180
      [32m+[0m[0m state              = (known after apply)
      [32m+[0m[0m tenancy_id         = (known after apply)
      [32m+[0m[0m time_created       = (known after apply)
      [32m+[0m[0m time_last_modified = (known after apply)

      [32m+[0m[0m configuration {
          [32m+[0m[0m compartment_id = (known after apply)

          [32m+[0m[0m source {
              [32m+[0m[0m category    = "subnet"
              [32m+[0m[0m parameters  = (known after apply)
              [32m+[0m[0m resource    = "ocid1.subnet.oc19.eu-madrid-2.aaaaaaaayg3uwvlk4sppnxnqwcqgwcw4egv3b2uwdim36mjqg7gzfvfvzmda"
              [32m+[0m[0m service     = "flowlogs"
              [32m+[0m[0m source_type = "OCISERVICE"
            }
        }
    }

[1m  # module.oci_lz_orchestrator.module.oci_lz_logging[0].oci_logging_log.flow_logs["FLOW-LZ-NETWORK-KEY-O-P-OM2-SUB-HUBMGMT-001-GY7B2CHWXA"][0m will be created
[0m  [32m+[0m[0m resource "oci_logging_log" "flow_logs" {
      [32m+[0m[0m compartment_id     = (known after apply)
      [32m+[0m[0m defined_tags       = (known after apply)
      [32m+[0m[0m display_name       = "o-p-om2-sub-hubmgmt-001-gy7b2chwxa-flow-log"
      [32m+[0m[0m freeform_tags      = {
          [32m+[0m[0m "ocilz-terraform-module" = "logging/0.2.6"
        }
      [32m+[0m[0m id                 = (known after apply)
      [32m+[0m[0m is_enabled         = true
      [32m+[0m[0m log_group_id       = (known after apply)
      [32m+[0m[0m log_type           = "SERVICE"
      [32m+[0m[0m retention_duration = 180
      [32m+[0m[0m state              = (known after apply)
      [32m+[0m[0m tenancy_id         = (known after apply)
      [32m+[0m[0m time_created       = (known after apply)
      [32m+[0m[0m time_last_modified = (known after apply)

      [32m+[0m[0m configuration {
          [32m+[0m[0m compartment_id = (known after apply)

          [32m+[0m[0m source {
              [32m+[0m[0m category    = "subnet"
              [32m+[0m[0m parameters  = (known after apply)
              [32m+[0m[0m resource    = "ocid1.subnet.oc19.eu-madrid-2.aaaaaaaavcjg6zczpbp4h2avcsawctp2su5x6nbzsfeqizy5edgy7b2chwxa"
              [32m+[0m[0m service     = "flowlogs"
              [32m+[0m[0m source_type = "OCISERVICE"
            }
        }
    }

[1m  # module.oci_lz_orchestrator.module.oci_lz_logging[0].oci_logging_log.flow_logs["FLOW-LZ-NETWORK-KEY-O-P-OM2-SUB-HUBMON-001-7L77XX6YHQ"][0m will be created
[0m  [32m+[0m[0m resource "oci_logging_log" "flow_logs" {
      [32m+[0m[0m compartment_id     = (known after apply)
      [32m+[0m[0m defined_tags       = (known after apply)
      [32m+[0m[0m display_name       = "o-p-om2-sub-hubmon-001-7l77xx6yhq-flow-log"
      [32m+[0m[0m freeform_tags      = {
          [32m+[0m[0m "ocilz-terraform-module" = "logging/0.2.6"
        }
      [32m+[0m[0m id                 = (known after apply)
      [32m+[0m[0m is_enabled         = true
      [32m+[0m[0m log_group_id       = (known after apply)
      [32m+[0m[0m log_type           = "SERVICE"
      [32m+[0m[0m retention_duration = 180
      [32m+[0m[0m state              = (known after apply)
      [32m+[0m[0m tenancy_id         = (known after apply)
      [32m+[0m[0m time_created       = (known after apply)
      [32m+[0m[0m time_last_modified = (known after apply)

      [32m+[0m[0m configuration {
          [32m+[0m[0m compartment_id = (known after apply)

          [32m+[0m[0m source {
              [32m+[0m[0m category    = "subnet"
              [32m+[0m[0m parameters  = (known after apply)
              [32m+[0m[0m resource    = "ocid1.subnet.oc19.eu-madrid-2.aaaaaaaay4uhy4psi4rga5wpyz2ciq4ev4bw6ijmgjqqwj5at77l77xx6yhq"
              [32m+[0m[0m service     = "flowlogs"
              [32m+[0m[0m source_type = "OCISERVICE"
            }
        }
    }

[1m  # module.oci_lz_orchestrator.module.oci_lz_logging[0].oci_logging_log_group.these["LGG-LZ-NETWORK-KEY"][0m will be created
[0m  [32m+[0m[0m resource "oci_logging_log_group" "these" {
      [32m+[0m[0m compartment_id     = "ocid1.compartment.oc19..aaaaaaaaljtgrfd42d76gps36ryevoufbxk3cns7ri7zfwjvlauu4bq6r3na"
      [32m+[0m[0m defined_tags       = (known after apply)
      [32m+[0m[0m description        = "Log Group para VCN Flow Logs de la Landing Zone."
      [32m+[0m[0m display_name       = "o-p-om2-lgg-network-001"
      [32m+[0m[0m freeform_tags      = {
          [32m+[0m[0m "ocilz-terraform-module" = "logging/0.2.6"
        }
      [32m+[0m[0m id                 = (known after apply)
      [32m+[0m[0m state              = (known after apply)
      [32m+[0m[0m time_created       = (known after apply)
      [32m+[0m[0m time_last_modified = (known after apply)
    }

[1m  # module.oci_lz_orchestrator.module.oci_lz_service_connectors[0].oci_identity_policy.these["SCH-LZ-AUDIT-STREAM-KEY"][0m will be created
[0m  [32m+[0m[0m resource "oci_identity_policy" "these" {
      [32m+[0m[0m ETag           = (known after apply)
      [32m+[0m[0m compartment_id = "ocid1.compartment.oc19..aaaaaaaaljtgrfd42d76gps36ryevoufbxk3cns7ri7zfwjvlauu4bq6r3na"
      [32m+[0m[0m defined_tags   = (known after apply)
      [32m+[0m[0m description    = "Permite a Service Connector Hub publicar Audit logs en el stream privado del SIEM."
      [32m+[0m[0m freeform_tags  = {
          [32m+[0m[0m "ocilz-terraform-module" = "service-connectors/0.2.6"
        }
      [32m+[0m[0m id             = (known after apply)
      [32m+[0m[0m inactive_state = (known after apply)
      [32m+[0m[0m lastUpdateETag = (known after apply)
      [32m+[0m[0m name           = "o-p-om2-pcy-sch-audit-001"
      [32m+[0m[0m policyHash     = (known after apply)
      [32m+[0m[0m state          = (known after apply)
      [32m+[0m[0m statements     = (known after apply)
      [32m+[0m[0m time_created   = (known after apply)
      [32m+[0m[0m version_date   = (known after apply)
    }

[1m  # module.oci_lz_orchestrator.module.oci_lz_service_connectors[0].oci_sch_service_connector.these["SCH-LZ-AUDIT-STREAM-KEY"][0m will be created
[0m  [32m+[0m[0m resource "oci_sch_service_connector" "these" {
      [32m+[0m[0m compartment_id    = "ocid1.compartment.oc19..aaaaaaaaljtgrfd42d76gps36ryevoufbxk3cns7ri7zfwjvlauu4bq6r3na"
      [32m+[0m[0m defined_tags      = (known after apply)
      [32m+[0m[0m description       = "Service Connector para exportar Audit logs del tenancy al stream privado del SIEM."
      [32m+[0m[0m display_name      = "o-p-om2-sch-audit-stream-001"
      [32m+[0m[0m freeform_tags     = {
          [32m+[0m[0m "ocilz-terraform-module" = "service-connectors/0.2.6"
        }
      [32m+[0m[0m id                = (known after apply)
      [32m+[0m[0m lifecycle_details = (known after apply)
      [32m+[0m[0m lifecyle_details  = (known after apply)
      [32m+[0m[0m state             = "ACTIVE"
      [32m+[0m[0m system_tags       = (known after apply)
      [32m+[0m[0m time_created      = (known after apply)
      [32m+[0m[0m time_updated      = (known after apply)

      [32m+[0m[0m source {
          [32m+[0m[0m config_map                = (known after apply)
          [32m+[0m[0m kind                      = "logging"
          [32m+[0m[0m plugin_name               = (known after apply)
          [32m+[0m[0m private_endpoint_metadata = (known after apply)
          [32m+[0m[0m stream_id                 = (known after apply)

          [32m+[0m[0m cursor (known after apply)

          [32m+[0m[0m log_sources {
              [32m+[0m[0m compartment_id = "ocid1.tenancy.oc19..aaaaaaaa4ftkyx3ao73kndo3mbltj6gtbf27mxbgpu65a33ipgo2wqyj4zba"
              [32m+[0m[0m log_group_id   = "_Audit_Include_Subcompartment"
              [32m+[0m[0m log_id         = (known after apply)
            }

          [32m+[0m[0m monitoring_sources (known after apply)
        }

      [32m+[0m[0m target {
          [32m+[0m[0m batch_rollover_size_in_mbs = (known after apply)
          [32m+[0m[0m batch_rollover_time_in_ms  = (known after apply)
          [32m+[0m[0m batch_size_in_kbs          = (known after apply)
          [32m+[0m[0m batch_size_in_num          = (known after apply)
          [32m+[0m[0m batch_time_in_sec          = (known after apply)
          [32m+[0m[0m bucket                     = (known after apply)
          [32m+[0m[0m compartment_id             = "ocid1.compartment.oc19..aaaaaaaaljtgrfd42d76gps36ryevoufbxk3cns7ri7zfwjvlauu4bq6r3na"
          [32m+[0m[0m enable_formatted_messaging = (known after apply)
          [32m+[0m[0m function_id                = (known after apply)
          [32m+[0m[0m kind                       = "streaming"
          [32m+[0m[0m log_group_id               = (known after apply)
          [32m+[0m[0m log_source_identifier      = (known after apply)
          [32m+[0m[0m metric                     = (known after apply)
          [32m+[0m[0m metric_namespace           = (known after apply)
          [32m+[0m[0m namespace                  = (known after apply)
          [32m+[0m[0m object_name_prefix         = (known after apply)
          [32m+[0m[0m private_endpoint_metadata  = (known after apply)
          [32m+[0m[0m stream_id                  = (known after apply)
          [32m+[0m[0m topic_id                   = (known after apply)

          [32m+[0m[0m dimensions (known after apply)
        }

      [32m+[0m[0m tasks (known after apply)
    }

[1m  # module.oci_lz_orchestrator.module.oci_lz_service_connectors[0].oci_streaming_stream.these["STM-LZ-SIEM-KEY"][0m will be created
[0m  [32m+[0m[0m resource "oci_streaming_stream" "these" {
      [32m+[0m[0m compartment_id          = "ocid1.compartment.oc19..aaaaaaaaljtgrfd42d76gps36ryevoufbxk3cns7ri7zfwjvlauu4bq6r3na"
      [32m+[0m[0m defined_tags            = (known after apply)
      [32m+[0m[0m freeform_tags           = {
          [32m+[0m[0m "ocilz-terraform-module" = "service-connectors/0.2.6"
        }
      [32m+[0m[0m id                      = (known after apply)
      [32m+[0m[0m lifecycle_state_details = (known after apply)
      [32m+[0m[0m messages_endpoint       = (known after apply)
      [32m+[0m[0m name                    = "o-p-om2-stm-siem-001"
      [32m+[0m[0m partitions              = 1
      [32m+[0m[0m retention_in_hours      = 24
      [32m+[0m[0m state                   = (known after apply)
      [32m+[0m[0m stream_pool_id          = (known after apply)
      [32m+[0m[0m time_created            = (known after apply)
    }

[1mPlan:[0m [0m14 to add, 0 to change, 0 to destroy.

[1m[33mWarnings:[0m

[0m- Deprecated value used
  on .terraform\modules\oci_lz_orchestrator.oci_lz_service_connectors\service-connectors\outputs.tf line 11 (and 2 more)

To see the full warning notes, run Terraform without -compact-warnings.
[90m
─────────────────────────────────────────────────────────────────────────────[0m

Saved the plan to: .\log_plan\02_obs_logs_v3.7.tfplan

To perform exactly these actions, run the following command to apply:
    terraform apply ".\\log_plan\\02_obs_logs_v3.7.tfplan"
