[0m[1mInitializing modules...[0m
[0m[1mInitializing provider plugins found in the configuration...[0m
- Reusing previous version of hashicorp/null from the dependency lock file
- Reusing previous version of hashicorp/http from the dependency lock file
- Reusing previous version of oracle/oci from the dependency lock file
- Reusing previous version of hashicorp/time from the dependency lock file
- Reusing previous version of hashicorp/local from the dependency lock file
- Using previously-installed hashicorp/null v3.3.0
- Using previously-installed hashicorp/http v3.6.0
- Using previously-installed oracle/oci v8.5.0
- Using previously-installed hashicorp/time v0.14.0
- Using previously-installed hashicorp/local v2.9.0

[0m[1mInitializing the backend...[0m

[0m[1mInitializing provider plugins found in the state...[0m
- Reusing previous version of hashicorp/local
- Reusing previous version of hashicorp/time
- Reusing previous version of oracle/oci
- Using previously-installed hashicorp/local v2.9.0
- Using previously-installed hashicorp/time v0.14.0
- Using previously-installed oracle/oci v8.5.0


[0m[1m[32mTerraform has been successfully initialized![0m[32m[0m
[0m[32m
You may now begin working with Terraform. Try running "terraform plan" to see
any changes that are required for your infrastructure. All Terraform commands
should now work.

If you ever set or change modules or backend configuration for Terraform,
rerun this command to reinitialize your working directory. If you forget, other
commands will detect it and remind you to do so if necessary.[0m
