2026-03-20T14:26:20.287+0100 [INFO]  Terraform version: 1.14.5
2026-03-20T14:26:20.315+0100 [DEBUG] using github.com/hashicorp/go-tfe v1.94.0
2026-03-20T14:26:20.315+0100 [DEBUG] using github.com/hashicorp/hcl/v2 v2.24.0
2026-03-20T14:26:20.315+0100 [DEBUG] using github.com/hashicorp/terraform-svchost v0.1.1
2026-03-20T14:26:20.315+0100 [DEBUG] using github.com/zclconf/go-cty v1.16.3
2026-03-20T14:26:20.315+0100 [INFO]  Go runtime version: go1.25.6
2026-03-20T14:26:20.315+0100 [INFO]  CLI args: []string{"C:\\Terraform\\terraform.exe", "init", "-reconfigure", "-upgrade"}
2026-03-20T14:26:20.315+0100 [TRACE] Stdout is a terminal of width 156
2026-03-20T14:26:20.315+0100 [TRACE] Stderr is a terminal of width 156
2026-03-20T14:26:20.315+0100 [TRACE] Stdin is a terminal
2026-03-20T14:26:20.318+0100 [DEBUG] Attempting to open CLI config file: C:\Users\torla\AppData\Roaming\terraform.rc
2026-03-20T14:26:20.318+0100 [DEBUG] File doesn't exist, but doesn't need to. Ignoring.
2026-03-20T14:26:20.318+0100 [DEBUG] ignoring non-existing provider search directory terraform.d/plugins
2026-03-20T14:26:20.318+0100 [DEBUG] ignoring non-existing provider search directory C:\Users\torla\AppData\Roaming\terraform.d\plugins
2026-03-20T14:26:20.319+0100 [DEBUG] ignoring non-existing provider search directory C:\Users\torla\AppData\Roaming\HashiCorp\Terraform\plugins
2026-03-20T14:26:20.319+0100 [INFO]  CLI command args: []string{"init", "-reconfigure", "-upgrade"}
2026-03-20T14:26:20.323+0100 [TRACE] Meta.Backend: no config given or present on disk, so returning nil config
2026-03-20T14:26:20.323+0100 [TRACE] Meta.Backend: backend has not previously been initialized in this working directory
2026-03-20T14:26:20.323+0100 [TRACE] Meta.Backend: using default local state only (no backend configuration, and no existing initialized backend)
2026-03-20T14:26:20.323+0100 [TRACE] Meta.Backend: instantiated backend of type <nil>
2026-03-20T14:26:20.323+0100 [DEBUG] checking for provisioner in "."
2026-03-20T14:26:20.323+0100 [DEBUG] checking for provisioner in "C:\\Terraform"
2026-03-20T14:26:20.323+0100 [TRACE] Meta.Backend: backend <nil> does not support operations, so wrapping it in a local backend
2026-03-20T14:26:20.323+0100 [TRACE] backend/local: state manager for workspace "default" will:
 - read initial snapshot from terraform.tfstate
 - write new snapshots to terraform.tfstate
 - create any backup at terraform.tfstate.backup
2026-03-20T14:26:20.323+0100 [TRACE] statemgr.Filesystem: reading initial snapshot from terraform.tfstate
2026-03-20T14:26:20.355+0100 [TRACE] statemgr.Filesystem: read snapshot with lineage "90606ece-dcbd-5b9b-edd4-5a490acb24ed" serial 473
2026-03-20T14:26:20.355+0100 [TRACE] ModuleInstaller: installing child modules for . into .terraform\modules
2026-03-20T14:26:20.355+0100 [DEBUG] Module installer: begin oci_lz_orchestrator
2026-03-20T14:26:20.355+0100 [TRACE] ModuleInstaller: cleaning directory .terraform\modules\oci_lz_orchestrator prior to install of oci_lz_orchestrator
2026-03-20T14:26:20.355+0100 [TRACE] ModuleInstaller: oci_lz_orchestrator has local path "../terraform-oci-modules-orchestrator"
2026-03-20T14:26:20.355+0100 [TRACE] ModuleInstaller: oci_lz_orchestrator uses directory from parent: ..\terraform-oci-modules-orchestrator
2026-03-20T14:26:20.358+0100 [DEBUG] Module installer: oci_lz_orchestrator installed at ..\terraform-oci-modules-orchestrator
2026-03-20T14:26:20.358+0100 [DEBUG] Module installer: begin oci_lz_orchestrator.oci_lz_alarms
2026-03-20T14:26:20.358+0100 [TRACE] ModuleInstaller: cleaning directory .terraform\modules\oci_lz_orchestrator.oci_lz_alarms prior to install of oci_lz_orchestrator.oci_lz_alarms
2026-03-20T14:26:20.358+0100 [TRACE] ModuleInstaller: oci_lz_orchestrator.oci_lz_alarms address "git::https://github.com/oci-landing-zones/terraform-oci-modules-observability.git//alarms?ref=v0.2.4" will be handled by go-getter
2026-03-20T14:26:20.358+0100 [TRACE] getmodules: fetching "git::https://github.com/oci-landing-zones/terraform-oci-modules-observability.git?ref=v0.2.4" to ".terraform\\modules\\oci_lz_orchestrator.oci_lz_alarms"
2026-03-20T14:26:22.410+0100 [TRACE] ModuleInstaller: oci_lz_orchestrator.oci_lz_alarms "git::https://github.com/oci-landing-zones/terraform-oci-modules-observability.git//alarms?ref=v0.2.4" was downloaded to .terraform\modules\oci_lz_orchestrator.oci_lz_alarms\alarms
2026-03-20T14:26:22.415+0100 [DEBUG] Module installer: oci_lz_orchestrator.oci_lz_alarms installed at .terraform\modules\oci_lz_orchestrator.oci_lz_alarms\alarms
2026-03-20T14:26:22.415+0100 [DEBUG] Module installer: begin oci_lz_orchestrator.oci_lz_bastions
2026-03-20T14:26:22.415+0100 [TRACE] ModuleInstaller: cleaning directory .terraform\modules\oci_lz_orchestrator.oci_lz_bastions prior to install of oci_lz_orchestrator.oci_lz_bastions
2026-03-20T14:26:22.415+0100 [TRACE] ModuleInstaller: oci_lz_orchestrator.oci_lz_bastions address "git::https://github.com/oci-landing-zones/terraform-oci-modules-security.git//bastion?ref=v0.2.3" will be handled by go-getter
2026-03-20T14:26:22.416+0100 [TRACE] getmodules: fetching "git::https://github.com/oci-landing-zones/terraform-oci-modules-security.git?ref=v0.2.3" to ".terraform\\modules\\oci_lz_orchestrator.oci_lz_bastions"
2026-03-20T14:26:24.378+0100 [TRACE] ModuleInstaller: oci_lz_orchestrator.oci_lz_bastions "git::https://github.com/oci-landing-zones/terraform-oci-modules-security.git//bastion?ref=v0.2.3" was downloaded to .terraform\modules\oci_lz_orchestrator.oci_lz_bastions\bastion
2026-03-20T14:26:24.380+0100 [DEBUG] Module installer: oci_lz_orchestrator.oci_lz_bastions installed at .terraform\modules\oci_lz_orchestrator.oci_lz_bastions\bastion
2026-03-20T14:26:24.380+0100 [DEBUG] Module installer: begin oci_lz_orchestrator.oci_lz_budgets
2026-03-20T14:26:24.380+0100 [TRACE] ModuleInstaller: cleaning directory .terraform\modules\oci_lz_orchestrator.oci_lz_budgets prior to install of oci_lz_orchestrator.oci_lz_budgets
2026-03-20T14:26:24.380+0100 [TRACE] ModuleInstaller: oci_lz_orchestrator.oci_lz_budgets address "git::https://github.com/oci-landing-zones/terraform-oci-modules-governance.git//budgets?ref=v0.1.6" will be handled by go-getter
2026-03-20T14:26:24.380+0100 [TRACE] getmodules: fetching "git::https://github.com/oci-landing-zones/terraform-oci-modules-governance.git?ref=v0.1.6" to ".terraform\\modules\\oci_lz_orchestrator.oci_lz_budgets"
2026-03-20T14:26:26.020+0100 [TRACE] ModuleInstaller: oci_lz_orchestrator.oci_lz_budgets "git::https://github.com/oci-landing-zones/terraform-oci-modules-governance.git//budgets?ref=v0.1.6" was downloaded to .terraform\modules\oci_lz_orchestrator.oci_lz_budgets\budgets
2026-03-20T14:26:26.022+0100 [DEBUG] Module installer: oci_lz_orchestrator.oci_lz_budgets installed at .terraform\modules\oci_lz_orchestrator.oci_lz_budgets\budgets
2026-03-20T14:26:26.022+0100 [DEBUG] Module installer: begin oci_lz_orchestrator.oci_lz_cloud_guard
2026-03-20T14:26:26.022+0100 [TRACE] ModuleInstaller: cleaning directory .terraform\modules\oci_lz_orchestrator.oci_lz_cloud_guard prior to install of oci_lz_orchestrator.oci_lz_cloud_guard
2026-03-20T14:26:26.022+0100 [TRACE] ModuleInstaller: oci_lz_orchestrator.oci_lz_cloud_guard address "git::https://github.com/oci-landing-zones/terraform-oci-modules-security.git//cloud-guard?ref=v0.2.3" will be handled by go-getter
2026-03-20T14:26:26.022+0100 [TRACE] getmodules: copying previous install of "git::https://github.com/oci-landing-zones/terraform-oci-modules-security.git?ref=v0.2.3" from .terraform\modules\oci_lz_orchestrator.oci_lz_bastions to .terraform\modules\oci_lz_orchestrator.oci_lz_cloud_guard
2026-03-20T14:26:26.106+0100 [TRACE] ModuleInstaller: oci_lz_orchestrator.oci_lz_cloud_guard "git::https://github.com/oci-landing-zones/terraform-oci-modules-security.git//cloud-guard?ref=v0.2.3" was downloaded to .terraform\modules\oci_lz_orchestrator.oci_lz_cloud_guard\cloud-guard
2026-03-20T14:26:26.111+0100 [DEBUG] Module installer: oci_lz_orchestrator.oci_lz_cloud_guard installed at .terraform\modules\oci_lz_orchestrator.oci_lz_cloud_guard\cloud-guard
2026-03-20T14:26:26.111+0100 [DEBUG] Module installer: begin oci_lz_orchestrator.oci_lz_compartments
2026-03-20T14:26:26.111+0100 [TRACE] ModuleInstaller: cleaning directory .terraform\modules\oci_lz_orchestrator.oci_lz_compartments prior to install of oci_lz_orchestrator.oci_lz_compartments
2026-03-20T14:26:26.111+0100 [TRACE] ModuleInstaller: oci_lz_orchestrator.oci_lz_compartments address "git::https://github.com/oracle-quickstart/terraform-oci-cis-landing-zone-iam.git//compartments?ref=v0.3.3" will be handled by go-getter
2026-03-20T14:26:26.111+0100 [TRACE] getmodules: fetching "git::https://github.com/oracle-quickstart/terraform-oci-cis-landing-zone-iam.git?ref=v0.3.3" to ".terraform\\modules\\oci_lz_orchestrator.oci_lz_compartments"
2026-03-20T14:26:28.012+0100 [TRACE] ModuleInstaller: oci_lz_orchestrator.oci_lz_compartments "git::https://github.com/oracle-quickstart/terraform-oci-cis-landing-zone-iam.git//compartments?ref=v0.3.3" was downloaded to .terraform\modules\oci_lz_orchestrator.oci_lz_compartments\compartments
2026-03-20T14:26:28.016+0100 [DEBUG] Module installer: oci_lz_orchestrator.oci_lz_compartments installed at .terraform\modules\oci_lz_orchestrator.oci_lz_compartments\compartments
2026-03-20T14:26:28.016+0100 [DEBUG] Module installer: begin oci_lz_orchestrator.oci_lz_compute
2026-03-20T14:26:28.016+0100 [TRACE] ModuleInstaller: cleaning directory .terraform\modules\oci_lz_orchestrator.oci_lz_compute prior to install of oci_lz_orchestrator.oci_lz_compute
2026-03-20T14:26:28.016+0100 [TRACE] ModuleInstaller: oci_lz_orchestrator.oci_lz_compute address "git::https://github.com/oci-landing-zones/terraform-oci-modules-workloads.git//cis-compute-storage?ref=v0.2.3" will be handled by go-getter
2026-03-20T14:26:28.016+0100 [TRACE] getmodules: fetching "git::https://github.com/oci-landing-zones/terraform-oci-modules-workloads.git?ref=v0.2.3" to ".terraform\\modules\\oci_lz_orchestrator.oci_lz_compute"
2026-03-20T14:26:29.808+0100 [TRACE] ModuleInstaller: oci_lz_orchestrator.oci_lz_compute "git::https://github.com/oci-landing-zones/terraform-oci-modules-workloads.git//cis-compute-storage?ref=v0.2.3" was downloaded to .terraform\modules\oci_lz_orchestrator.oci_lz_compute\cis-compute-storage
2026-03-20T14:26:29.824+0100 [DEBUG] Module installer: oci_lz_orchestrator.oci_lz_compute installed at .terraform\modules\oci_lz_orchestrator.oci_lz_compute\cis-compute-storage
2026-03-20T14:26:29.824+0100 [DEBUG] Module installer: begin oci_lz_orchestrator.oci_lz_dynamic_groups
2026-03-20T14:26:29.824+0100 [TRACE] ModuleInstaller: cleaning directory .terraform\modules\oci_lz_orchestrator.oci_lz_dynamic_groups prior to install of oci_lz_orchestrator.oci_lz_dynamic_groups
2026-03-20T14:26:29.825+0100 [TRACE] ModuleInstaller: oci_lz_orchestrator.oci_lz_dynamic_groups address "git::https://github.com/oracle-quickstart/terraform-oci-cis-landing-zone-iam.git//dynamic-groups?ref=v0.3.3" will be handled by go-getter
2026-03-20T14:26:29.825+0100 [TRACE] getmodules: copying previous install of "git::https://github.com/oracle-quickstart/terraform-oci-cis-landing-zone-iam.git?ref=v0.3.3" from .terraform\modules\oci_lz_orchestrator.oci_lz_compartments to .terraform\modules\oci_lz_orchestrator.oci_lz_dynamic_groups
2026-03-20T14:26:29.927+0100 [TRACE] ModuleInstaller: oci_lz_orchestrator.oci_lz_dynamic_groups "git::https://github.com/oracle-quickstart/terraform-oci-cis-landing-zone-iam.git//dynamic-groups?ref=v0.3.3" was downloaded to .terraform\modules\oci_lz_orchestrator.oci_lz_dynamic_groups\dynamic-groups
2026-03-20T14:26:29.928+0100 [DEBUG] Module installer: oci_lz_orchestrator.oci_lz_dynamic_groups installed at .terraform\modules\oci_lz_orchestrator.oci_lz_dynamic_groups\dynamic-groups
2026-03-20T14:26:29.928+0100 [DEBUG] Module installer: begin oci_lz_orchestrator.oci_lz_events
2026-03-20T14:26:29.928+0100 [TRACE] ModuleInstaller: cleaning directory .terraform\modules\oci_lz_orchestrator.oci_lz_events prior to install of oci_lz_orchestrator.oci_lz_events
2026-03-20T14:26:29.929+0100 [TRACE] ModuleInstaller: oci_lz_orchestrator.oci_lz_events address "git::https://github.com/oci-landing-zones/terraform-oci-modules-observability.git//events?ref=v0.2.4" will be handled by go-getter
2026-03-20T14:26:29.929+0100 [TRACE] getmodules: copying previous install of "git::https://github.com/oci-landing-zones/terraform-oci-modules-observability.git?ref=v0.2.4" from .terraform\modules\oci_lz_orchestrator.oci_lz_alarms to .terraform\modules\oci_lz_orchestrator.oci_lz_events
2026-03-20T14:26:30.064+0100 [TRACE] ModuleInstaller: oci_lz_orchestrator.oci_lz_events "git::https://github.com/oci-landing-zones/terraform-oci-modules-observability.git//events?ref=v0.2.4" was downloaded to .terraform\modules\oci_lz_orchestrator.oci_lz_events\events
2026-03-20T14:26:30.069+0100 [DEBUG] Module installer: oci_lz_orchestrator.oci_lz_events installed at .terraform\modules\oci_lz_orchestrator.oci_lz_events\events
2026-03-20T14:26:30.070+0100 [DEBUG] Module installer: begin oci_lz_orchestrator.oci_lz_groups
2026-03-20T14:26:30.070+0100 [TRACE] ModuleInstaller: cleaning directory .terraform\modules\oci_lz_orchestrator.oci_lz_groups prior to install of oci_lz_orchestrator.oci_lz_groups
2026-03-20T14:26:30.070+0100 [TRACE] ModuleInstaller: oci_lz_orchestrator.oci_lz_groups address "git::https://github.com/oracle-quickstart/terraform-oci-cis-landing-zone-iam.git//groups?ref=v0.3.3" will be handled by go-getter
2026-03-20T14:26:30.070+0100 [TRACE] getmodules: copying previous install of "git::https://github.com/oracle-quickstart/terraform-oci-cis-landing-zone-iam.git?ref=v0.3.3" from .terraform\modules\oci_lz_orchestrator.oci_lz_compartments to .terraform\modules\oci_lz_orchestrator.oci_lz_groups
2026-03-20T14:26:30.167+0100 [TRACE] ModuleInstaller: oci_lz_orchestrator.oci_lz_groups "git::https://github.com/oracle-quickstart/terraform-oci-cis-landing-zone-iam.git//groups?ref=v0.3.3" was downloaded to .terraform\modules\oci_lz_orchestrator.oci_lz_groups\groups
2026-03-20T14:26:30.169+0100 [DEBUG] Module installer: oci_lz_orchestrator.oci_lz_groups installed at .terraform\modules\oci_lz_orchestrator.oci_lz_groups\groups
2026-03-20T14:26:30.169+0100 [DEBUG] Module installer: begin oci_lz_orchestrator.oci_lz_home_region_events
2026-03-20T14:26:30.169+0100 [TRACE] ModuleInstaller: cleaning directory .terraform\modules\oci_lz_orchestrator.oci_lz_home_region_events prior to install of oci_lz_orchestrator.oci_lz_home_region_events
2026-03-20T14:26:30.169+0100 [TRACE] ModuleInstaller: oci_lz_orchestrator.oci_lz_home_region_events address "git::https://github.com/oci-landing-zones/terraform-oci-modules-observability.git//events?ref=v0.2.4" will be handled by go-getter
2026-03-20T14:26:30.169+0100 [TRACE] getmodules: copying previous install of "git::https://github.com/oci-landing-zones/terraform-oci-modules-observability.git?ref=v0.2.4" from .terraform\modules\oci_lz_orchestrator.oci_lz_alarms to .terraform\modules\oci_lz_orchestrator.oci_lz_home_region_events
2026-03-20T14:26:30.305+0100 [TRACE] ModuleInstaller: oci_lz_orchestrator.oci_lz_home_region_events "git::https://github.com/oci-landing-zones/terraform-oci-modules-observability.git//events?ref=v0.2.4" was downloaded to .terraform\modules\oci_lz_orchestrator.oci_lz_home_region_events\events
2026-03-20T14:26:30.310+0100 [DEBUG] Module installer: oci_lz_orchestrator.oci_lz_home_region_events installed at .terraform\modules\oci_lz_orchestrator.oci_lz_home_region_events\events
2026-03-20T14:26:30.310+0100 [DEBUG] Module installer: begin oci_lz_orchestrator.oci_lz_identity_domains
2026-03-20T14:26:30.310+0100 [TRACE] ModuleInstaller: cleaning directory .terraform\modules\oci_lz_orchestrator.oci_lz_identity_domains prior to install of oci_lz_orchestrator.oci_lz_identity_domains
2026-03-20T14:26:30.310+0100 [TRACE] ModuleInstaller: oci_lz_orchestrator.oci_lz_identity_domains address "git::https://github.com/oracle-quickstart/terraform-oci-cis-landing-zone-iam.git//identity-domains?ref=v0.3.3" will be handled by go-getter
2026-03-20T14:26:30.310+0100 [TRACE] getmodules: copying previous install of "git::https://github.com/oracle-quickstart/terraform-oci-cis-landing-zone-iam.git?ref=v0.3.3" from .terraform\modules\oci_lz_orchestrator.oci_lz_compartments to .terraform\modules\oci_lz_orchestrator.oci_lz_identity_domains
2026-03-20T14:26:30.407+0100 [TRACE] ModuleInstaller: oci_lz_orchestrator.oci_lz_identity_domains "git::https://github.com/oracle-quickstart/terraform-oci-cis-landing-zone-iam.git//identity-domains?ref=v0.3.3" was downloaded to .terraform\modules\oci_lz_orchestrator.oci_lz_identity_domains\identity-domains
2026-03-20T14:26:30.419+0100 [DEBUG] Module installer: oci_lz_orchestrator.oci_lz_identity_domains installed at .terraform\modules\oci_lz_orchestrator.oci_lz_identity_domains\identity-domains
2026-03-20T14:26:30.420+0100 [DEBUG] Module installer: begin oci_lz_orchestrator.oci_lz_logging
2026-03-20T14:26:30.420+0100 [TRACE] ModuleInstaller: cleaning directory .terraform\modules\oci_lz_orchestrator.oci_lz_logging prior to install of oci_lz_orchestrator.oci_lz_logging
2026-03-20T14:26:30.420+0100 [TRACE] ModuleInstaller: oci_lz_orchestrator.oci_lz_logging address "git::https://github.com/oci-landing-zones/terraform-oci-modules-observability.git//logging?ref=v0.2.4" will be handled by go-getter
2026-03-20T14:26:30.420+0100 [TRACE] getmodules: copying previous install of "git::https://github.com/oci-landing-zones/terraform-oci-modules-observability.git?ref=v0.2.4" from .terraform\modules\oci_lz_orchestrator.oci_lz_alarms to .terraform\modules\oci_lz_orchestrator.oci_lz_logging
2026-03-20T14:26:30.553+0100 [TRACE] ModuleInstaller: oci_lz_orchestrator.oci_lz_logging "git::https://github.com/oci-landing-zones/terraform-oci-modules-observability.git//logging?ref=v0.2.4" was downloaded to .terraform\modules\oci_lz_orchestrator.oci_lz_logging\logging
2026-03-20T14:26:30.559+0100 [DEBUG] Module installer: oci_lz_orchestrator.oci_lz_logging installed at .terraform\modules\oci_lz_orchestrator.oci_lz_logging\logging
2026-03-20T14:26:30.559+0100 [DEBUG] Module installer: begin oci_lz_orchestrator.oci_lz_network
2026-03-20T14:26:30.559+0100 [TRACE] ModuleInstaller: cleaning directory .terraform\modules\oci_lz_orchestrator.oci_lz_network prior to install of oci_lz_orchestrator.oci_lz_network
2026-03-20T14:26:30.559+0100 [TRACE] ModuleInstaller: oci_lz_orchestrator.oci_lz_network address "git::https://github.com/oci-landing-zones/terraform-oci-modules-networking.git?ref=v0.8.1" will be handled by go-getter
2026-03-20T14:26:30.559+0100 [TRACE] getmodules: fetching "git::https://github.com/oci-landing-zones/terraform-oci-modules-networking.git?ref=v0.8.1" to ".terraform\\modules\\oci_lz_orchestrator.oci_lz_network"
2026-03-20T14:26:32.717+0100 [TRACE] ModuleInstaller: oci_lz_orchestrator.oci_lz_network "git::https://github.com/oci-landing-zones/terraform-oci-modules-networking.git?ref=v0.8.1" was downloaded to .terraform\modules\oci_lz_orchestrator.oci_lz_network
2026-03-20T14:26:32.781+0100 [DEBUG] Module installer: oci_lz_orchestrator.oci_lz_network installed at .terraform\modules\oci_lz_orchestrator.oci_lz_network
2026-03-20T14:26:32.782+0100 [DEBUG] Module installer: begin oci_lz_orchestrator.oci_lz_network.l7_load_balancers
2026-03-20T14:26:32.782+0100 [TRACE] ModuleInstaller: cleaning directory .terraform\modules\oci_lz_orchestrator.oci_lz_network.l7_load_balancers prior to install of oci_lz_orchestrator.oci_lz_network.l7_load_balancers
2026-03-20T14:26:32.782+0100 [TRACE] ModuleInstaller: oci_lz_orchestrator.oci_lz_network.l7_load_balancers has local path "./modules/l7_load_balancers"
2026-03-20T14:26:32.782+0100 [TRACE] ModuleInstaller: oci_lz_orchestrator.oci_lz_network.l7_load_balancers uses directory from parent: .terraform\modules\oci_lz_orchestrator.oci_lz_network\modules\l7_load_balancers
2026-03-20T14:26:32.790+0100 [DEBUG] Module installer: oci_lz_orchestrator.oci_lz_network.l7_load_balancers installed at .terraform\modules\oci_lz_orchestrator.oci_lz_network\modules\l7_load_balancers
2026-03-20T14:26:32.790+0100 [DEBUG] Module installer: begin oci_lz_orchestrator.oci_lz_nlb
2026-03-20T14:26:32.790+0100 [TRACE] ModuleInstaller: cleaning directory .terraform\modules\oci_lz_orchestrator.oci_lz_nlb prior to install of oci_lz_orchestrator.oci_lz_nlb
2026-03-20T14:26:32.790+0100 [TRACE] ModuleInstaller: oci_lz_orchestrator.oci_lz_nlb address "git::https://github.com/oci-landing-zones/terraform-oci-modules-networking.git//modules/nlb?ref=v0.8.1" will be handled by go-getter
2026-03-20T14:26:32.790+0100 [TRACE] getmodules: copying previous install of "git::https://github.com/oci-landing-zones/terraform-oci-modules-networking.git?ref=v0.8.1" from .terraform\modules\oci_lz_orchestrator.oci_lz_network to .terraform\modules\oci_lz_orchestrator.oci_lz_nlb
2026-03-20T14:26:32.992+0100 [TRACE] ModuleInstaller: oci_lz_orchestrator.oci_lz_nlb "git::https://github.com/oci-landing-zones/terraform-oci-modules-networking.git//modules/nlb?ref=v0.8.1" was downloaded to .terraform\modules\oci_lz_orchestrator.oci_lz_nlb\modules\nlb
2026-03-20T14:26:32.995+0100 [DEBUG] Module installer: oci_lz_orchestrator.oci_lz_nlb installed at .terraform\modules\oci_lz_orchestrator.oci_lz_nlb\modules\nlb
2026-03-20T14:26:32.995+0100 [DEBUG] Module installer: begin oci_lz_orchestrator.oci_lz_notifications
2026-03-20T14:26:32.996+0100 [TRACE] ModuleInstaller: cleaning directory .terraform\modules\oci_lz_orchestrator.oci_lz_notifications prior to install of oci_lz_orchestrator.oci_lz_notifications
2026-03-20T14:26:32.996+0100 [TRACE] ModuleInstaller: oci_lz_orchestrator.oci_lz_notifications address "git::https://github.com/oci-landing-zones/terraform-oci-modules-observability.git//notifications?ref=v0.2.4" will be handled by go-getter
2026-03-20T14:26:32.996+0100 [TRACE] getmodules: copying previous install of "git::https://github.com/oci-landing-zones/terraform-oci-modules-observability.git?ref=v0.2.4" from .terraform\modules\oci_lz_orchestrator.oci_lz_alarms to .terraform\modules\oci_lz_orchestrator.oci_lz_notifications
2026-03-20T14:26:33.131+0100 [TRACE] ModuleInstaller: oci_lz_orchestrator.oci_lz_notifications "git::https://github.com/oci-landing-zones/terraform-oci-modules-observability.git//notifications?ref=v0.2.4" was downloaded to .terraform\modules\oci_lz_orchestrator.oci_lz_notifications\notifications
2026-03-20T14:26:33.134+0100 [DEBUG] Module installer: oci_lz_orchestrator.oci_lz_notifications installed at .terraform\modules\oci_lz_orchestrator.oci_lz_notifications\notifications
2026-03-20T14:26:33.134+0100 [DEBUG] Module installer: begin oci_lz_orchestrator.oci_lz_oke
2026-03-20T14:26:33.134+0100 [TRACE] ModuleInstaller: cleaning directory .terraform\modules\oci_lz_orchestrator.oci_lz_oke prior to install of oci_lz_orchestrator.oci_lz_oke
2026-03-20T14:26:33.134+0100 [TRACE] ModuleInstaller: oci_lz_orchestrator.oci_lz_oke address "git::https://github.com/oci-landing-zones/terraform-oci-modules-workloads.git//cis-oke?ref=v0.2.3" will be handled by go-getter
2026-03-20T14:26:33.134+0100 [TRACE] getmodules: copying previous install of "git::https://github.com/oci-landing-zones/terraform-oci-modules-workloads.git?ref=v0.2.3" from .terraform\modules\oci_lz_orchestrator.oci_lz_compute to .terraform\modules\oci_lz_orchestrator.oci_lz_oke
2026-03-20T14:26:33.239+0100 [TRACE] ModuleInstaller: oci_lz_orchestrator.oci_lz_oke "git::https://github.com/oci-landing-zones/terraform-oci-modules-workloads.git//cis-oke?ref=v0.2.3" was downloaded to .terraform\modules\oci_lz_orchestrator.oci_lz_oke\cis-oke
2026-03-20T14:26:33.247+0100 [DEBUG] Module installer: oci_lz_orchestrator.oci_lz_oke installed at .terraform\modules\oci_lz_orchestrator.oci_lz_oke\cis-oke
2026-03-20T14:26:33.247+0100 [DEBUG] Module installer: begin oci_lz_orchestrator.oci_lz_policies
2026-03-20T14:26:33.247+0100 [TRACE] ModuleInstaller: cleaning directory .terraform\modules\oci_lz_orchestrator.oci_lz_policies prior to install of oci_lz_orchestrator.oci_lz_policies
2026-03-20T14:26:33.247+0100 [TRACE] ModuleInstaller: oci_lz_orchestrator.oci_lz_policies address "git::https://github.com/oracle-quickstart/terraform-oci-cis-landing-zone-iam.git//policies?ref=v0.3.3" will be handled by go-getter
2026-03-20T14:26:33.247+0100 [TRACE] getmodules: copying previous install of "git::https://github.com/oracle-quickstart/terraform-oci-cis-landing-zone-iam.git?ref=v0.3.3" from .terraform\modules\oci_lz_orchestrator.oci_lz_compartments to .terraform\modules\oci_lz_orchestrator.oci_lz_policies
2026-03-20T14:26:33.354+0100 [TRACE] ModuleInstaller: oci_lz_orchestrator.oci_lz_policies "git::https://github.com/oracle-quickstart/terraform-oci-cis-landing-zone-iam.git//policies?ref=v0.3.3" was downloaded to .terraform\modules\oci_lz_orchestrator.oci_lz_policies\policies
2026-03-20T14:26:33.368+0100 [DEBUG] Module installer: oci_lz_orchestrator.oci_lz_policies installed at .terraform\modules\oci_lz_orchestrator.oci_lz_policies\policies
2026-03-20T14:26:33.368+0100 [DEBUG] Module installer: begin oci_lz_orchestrator.oci_lz_scanning
2026-03-20T14:26:33.368+0100 [TRACE] ModuleInstaller: cleaning directory .terraform\modules\oci_lz_orchestrator.oci_lz_scanning prior to install of oci_lz_orchestrator.oci_lz_scanning
2026-03-20T14:26:33.368+0100 [TRACE] ModuleInstaller: oci_lz_orchestrator.oci_lz_scanning address "git::https://github.com/oci-landing-zones/terraform-oci-modules-security.git//vss?ref=v0.2.3" will be handled by go-getter
2026-03-20T14:26:33.368+0100 [TRACE] getmodules: copying previous install of "git::https://github.com/oci-landing-zones/terraform-oci-modules-security.git?ref=v0.2.3" from .terraform\modules\oci_lz_orchestrator.oci_lz_bastions to .terraform\modules\oci_lz_orchestrator.oci_lz_scanning
2026-03-20T14:26:33.449+0100 [TRACE] ModuleInstaller: oci_lz_orchestrator.oci_lz_scanning "git::https://github.com/oci-landing-zones/terraform-oci-modules-security.git//vss?ref=v0.2.3" was downloaded to .terraform\modules\oci_lz_orchestrator.oci_lz_scanning\vss
2026-03-20T14:26:33.451+0100 [DEBUG] Module installer: oci_lz_orchestrator.oci_lz_scanning installed at .terraform\modules\oci_lz_orchestrator.oci_lz_scanning\vss
2026-03-20T14:26:33.451+0100 [DEBUG] Module installer: begin oci_lz_orchestrator.oci_lz_security_zones
2026-03-20T14:26:33.451+0100 [TRACE] ModuleInstaller: cleaning directory .terraform\modules\oci_lz_orchestrator.oci_lz_security_zones prior to install of oci_lz_orchestrator.oci_lz_security_zones
2026-03-20T14:26:33.452+0100 [TRACE] ModuleInstaller: oci_lz_orchestrator.oci_lz_security_zones address "git::https://github.com/oci-landing-zones/terraform-oci-modules-security.git//security-zones?ref=v0.2.3" will be handled by go-getter
2026-03-20T14:26:33.452+0100 [TRACE] getmodules: copying previous install of "git::https://github.com/oci-landing-zones/terraform-oci-modules-security.git?ref=v0.2.3" from .terraform\modules\oci_lz_orchestrator.oci_lz_bastions to .terraform\modules\oci_lz_orchestrator.oci_lz_security_zones
2026-03-20T14:26:33.532+0100 [TRACE] ModuleInstaller: oci_lz_orchestrator.oci_lz_security_zones "git::https://github.com/oci-landing-zones/terraform-oci-modules-security.git//security-zones?ref=v0.2.3" was downloaded to .terraform\modules\oci_lz_orchestrator.oci_lz_security_zones\security-zones
2026-03-20T14:26:33.533+0100 [DEBUG] Module installer: oci_lz_orchestrator.oci_lz_security_zones installed at .terraform\modules\oci_lz_orchestrator.oci_lz_security_zones\security-zones
2026-03-20T14:26:33.533+0100 [DEBUG] Module installer: begin oci_lz_orchestrator.oci_lz_service_connectors
2026-03-20T14:26:33.533+0100 [TRACE] ModuleInstaller: cleaning directory .terraform\modules\oci_lz_orchestrator.oci_lz_service_connectors prior to install of oci_lz_orchestrator.oci_lz_service_connectors
2026-03-20T14:26:33.533+0100 [TRACE] ModuleInstaller: oci_lz_orchestrator.oci_lz_service_connectors address "git::https://github.com/oci-landing-zones/terraform-oci-modules-observability.git//service-connectors?ref=v0.2.4" will be handled by go-getter
2026-03-20T14:26:33.533+0100 [TRACE] getmodules: copying previous install of "git::https://github.com/oci-landing-zones/terraform-oci-modules-observability.git?ref=v0.2.4" from .terraform\modules\oci_lz_orchestrator.oci_lz_alarms to .terraform\modules\oci_lz_orchestrator.oci_lz_service_connectors
2026-03-20T14:26:33.670+0100 [TRACE] ModuleInstaller: oci_lz_orchestrator.oci_lz_service_connectors "git::https://github.com/oci-landing-zones/terraform-oci-modules-observability.git//service-connectors?ref=v0.2.4" was downloaded to .terraform\modules\oci_lz_orchestrator.oci_lz_service_connectors\service-connectors
2026-03-20T14:26:33.679+0100 [DEBUG] Module installer: oci_lz_orchestrator.oci_lz_service_connectors installed at .terraform\modules\oci_lz_orchestrator.oci_lz_service_connectors\service-connectors
2026-03-20T14:26:33.680+0100 [DEBUG] Module installer: begin oci_lz_orchestrator.oci_lz_streams
2026-03-20T14:26:33.680+0100 [TRACE] ModuleInstaller: cleaning directory .terraform\modules\oci_lz_orchestrator.oci_lz_streams prior to install of oci_lz_orchestrator.oci_lz_streams
2026-03-20T14:26:33.680+0100 [TRACE] ModuleInstaller: oci_lz_orchestrator.oci_lz_streams address "git::https://github.com/oci-landing-zones/terraform-oci-modules-observability.git//streams?ref=v0.2.4" will be handled by go-getter
2026-03-20T14:26:33.680+0100 [TRACE] getmodules: copying previous install of "git::https://github.com/oci-landing-zones/terraform-oci-modules-observability.git?ref=v0.2.4" from .terraform\modules\oci_lz_orchestrator.oci_lz_alarms to .terraform\modules\oci_lz_orchestrator.oci_lz_streams
2026-03-20T14:26:33.812+0100 [TRACE] ModuleInstaller: oci_lz_orchestrator.oci_lz_streams "git::https://github.com/oci-landing-zones/terraform-oci-modules-observability.git//streams?ref=v0.2.4" was downloaded to .terraform\modules\oci_lz_orchestrator.oci_lz_streams\streams
2026-03-20T14:26:33.814+0100 [DEBUG] Module installer: oci_lz_orchestrator.oci_lz_streams installed at .terraform\modules\oci_lz_orchestrator.oci_lz_streams\streams
2026-03-20T14:26:33.814+0100 [DEBUG] Module installer: begin oci_lz_orchestrator.oci_lz_tags
2026-03-20T14:26:33.814+0100 [TRACE] ModuleInstaller: cleaning directory .terraform\modules\oci_lz_orchestrator.oci_lz_tags prior to install of oci_lz_orchestrator.oci_lz_tags
2026-03-20T14:26:33.815+0100 [TRACE] ModuleInstaller: oci_lz_orchestrator.oci_lz_tags address "git::https://github.com/oci-landing-zones/terraform-oci-modules-governance.git//tags?ref=v0.1.6" will be handled by go-getter
2026-03-20T14:26:33.815+0100 [TRACE] getmodules: copying previous install of "git::https://github.com/oci-landing-zones/terraform-oci-modules-governance.git?ref=v0.1.6" from .terraform\modules\oci_lz_orchestrator.oci_lz_budgets to .terraform\modules\oci_lz_orchestrator.oci_lz_tags
2026-03-20T14:26:33.849+0100 [TRACE] ModuleInstaller: oci_lz_orchestrator.oci_lz_tags "git::https://github.com/oci-landing-zones/terraform-oci-modules-governance.git//tags?ref=v0.1.6" was downloaded to .terraform\modules\oci_lz_orchestrator.oci_lz_tags\tags
2026-03-20T14:26:33.852+0100 [DEBUG] Module installer: oci_lz_orchestrator.oci_lz_tags installed at .terraform\modules\oci_lz_orchestrator.oci_lz_tags\tags
2026-03-20T14:26:33.852+0100 [DEBUG] Module installer: begin oci_lz_orchestrator.oci_lz_vaults
2026-03-20T14:26:33.852+0100 [TRACE] ModuleInstaller: cleaning directory .terraform\modules\oci_lz_orchestrator.oci_lz_vaults prior to install of oci_lz_orchestrator.oci_lz_vaults
2026-03-20T14:26:33.852+0100 [TRACE] ModuleInstaller: oci_lz_orchestrator.oci_lz_vaults address "git::https://github.com/oci-landing-zones/terraform-oci-modules-security.git//vaults?ref=v0.2.3" will be handled by go-getter
2026-03-20T14:26:33.852+0100 [TRACE] getmodules: copying previous install of "git::https://github.com/oci-landing-zones/terraform-oci-modules-security.git?ref=v0.2.3" from .terraform\modules\oci_lz_orchestrator.oci_lz_bastions to .terraform\modules\oci_lz_orchestrator.oci_lz_vaults
2026-03-20T14:26:33.934+0100 [TRACE] ModuleInstaller: oci_lz_orchestrator.oci_lz_vaults "git::https://github.com/oci-landing-zones/terraform-oci-modules-security.git//vaults?ref=v0.2.3" was downloaded to .terraform\modules\oci_lz_orchestrator.oci_lz_vaults\vaults
2026-03-20T14:26:33.936+0100 [DEBUG] Module installer: oci_lz_orchestrator.oci_lz_vaults installed at .terraform\modules\oci_lz_orchestrator.oci_lz_vaults\vaults
2026-03-20T14:26:33.937+0100 [DEBUG] Module installer: begin oci_lz_orchestrator.oci_lz_zpr
2026-03-20T14:26:33.937+0100 [TRACE] ModuleInstaller: cleaning directory .terraform\modules\oci_lz_orchestrator.oci_lz_zpr prior to install of oci_lz_orchestrator.oci_lz_zpr
2026-03-20T14:26:33.937+0100 [TRACE] ModuleInstaller: oci_lz_orchestrator.oci_lz_zpr address "git::https://github.com/oci-landing-zones/terraform-oci-modules-security.git//zpr?ref=v0.2.3" will be handled by go-getter
2026-03-20T14:26:33.937+0100 [TRACE] getmodules: copying previous install of "git::https://github.com/oci-landing-zones/terraform-oci-modules-security.git?ref=v0.2.3" from .terraform\modules\oci_lz_orchestrator.oci_lz_bastions to .terraform\modules\oci_lz_orchestrator.oci_lz_zpr
2026-03-20T14:26:34.011+0100 [TRACE] ModuleInstaller: oci_lz_orchestrator.oci_lz_zpr "git::https://github.com/oci-landing-zones/terraform-oci-modules-security.git//zpr?ref=v0.2.3" was downloaded to .terraform\modules\oci_lz_orchestrator.oci_lz_zpr\zpr
2026-03-20T14:26:34.020+0100 [DEBUG] Module installer: oci_lz_orchestrator.oci_lz_zpr installed at .terraform\modules\oci_lz_orchestrator.oci_lz_zpr\zpr
2026-03-20T14:26:34.020+0100 [TRACE] modsdir: writing modules manifest to .terraform\modules\modules.json
2026-03-20T14:26:34.056+0100 [DEBUG] Service discovery for registry.terraform.io at https://registry.terraform.io/.well-known/terraform.json
2026-03-20T14:26:34.056+0100 [TRACE] HTTP client GET request to https://registry.terraform.io/.well-known/terraform.json
2026-03-20T14:26:34.142+0100 [DEBUG] GET https://registry.terraform.io/v1/providers/hashicorp/null/versions
2026-03-20T14:26:34.142+0100 [TRACE] HTTP client GET request to https://registry.terraform.io/v1/providers/hashicorp/null/versions
2026-03-20T14:26:34.161+0100 [DEBUG] GET https://registry.terraform.io/v1/providers/hashicorp/http/versions
2026-03-20T14:26:34.161+0100 [TRACE] HTTP client GET request to https://registry.terraform.io/v1/providers/hashicorp/http/versions
2026-03-20T14:26:34.180+0100 [DEBUG] GET https://registry.terraform.io/v1/providers/oracle/oci/versions
2026-03-20T14:26:34.180+0100 [TRACE] HTTP client GET request to https://registry.terraform.io/v1/providers/oracle/oci/versions
2026-03-20T14:26:34.199+0100 [DEBUG] GET https://registry.terraform.io/v1/providers/hashicorp/local/versions
2026-03-20T14:26:34.199+0100 [TRACE] HTTP client GET request to https://registry.terraform.io/v1/providers/hashicorp/local/versions
2026-03-20T14:26:34.218+0100 [DEBUG] GET https://registry.terraform.io/v1/providers/hashicorp/time/versions
2026-03-20T14:26:34.218+0100 [TRACE] HTTP client GET request to https://registry.terraform.io/v1/providers/hashicorp/time/versions
2026-03-20T14:26:34.236+0100 [DEBUG] GET https://registry.terraform.io/v1/providers/hashicorp/template/versions
2026-03-20T14:26:34.236+0100 [TRACE] HTTP client GET request to https://registry.terraform.io/v1/providers/hashicorp/template/versions
2026-03-20T14:26:34.254+0100 [TRACE] providercache.fillMetaCache: scanning directory .terraform\providers
2026-03-20T14:26:34.254+0100 [TRACE] getproviders.SearchLocalDirectory: failed to resolve symlinks for .terraform\providers: GetFileAttributesEx .terraform\providers: The system cannot find the file specified.
2026-03-20T14:26:34.254+0100 [TRACE] providercache.fillMetaCache: error while scanning directory .terraform\providers: cannot search .terraform\providers: GetFileAttributesEx .terraform\providers: The system cannot find the file specified.
2026-03-20T14:26:34.254+0100 [DEBUG] GET https://registry.terraform.io/v1/providers/hashicorp/template/2.2.0/download/windows/amd64
2026-03-20T14:26:34.254+0100 [TRACE] HTTP client GET request to https://registry.terraform.io/v1/providers/hashicorp/template/2.2.0/download/windows/amd64
2026-03-20T14:26:34.300+0100 [DEBUG] GET https://releases.hashicorp.com/terraform-provider-template/2.2.0/terraform-provider-template_2.2.0_SHA256SUMS
2026-03-20T14:26:34.300+0100 [TRACE] HTTP client GET request to https://releases.hashicorp.com/terraform-provider-template/2.2.0/terraform-provider-template_2.2.0_SHA256SUMS
2026-03-20T14:26:34.391+0100 [DEBUG] GET https://releases.hashicorp.com/terraform-provider-template/2.2.0/terraform-provider-template_2.2.0_SHA256SUMS.72D7468F.sig
2026-03-20T14:26:34.391+0100 [TRACE] HTTP client GET request to https://releases.hashicorp.com/terraform-provider-template/2.2.0/terraform-provider-template_2.2.0_SHA256SUMS.72D7468F.sig
2026-03-20T14:26:34.427+0100 [TRACE] providercache.Dir.InstallPackage: installing registry.terraform.io/hashicorp/template v2.2.0 from https://releases.hashicorp.com/terraform-provider-template/2.2.0/terraform-provider-template_2.2.0_windows_amd64.zip
2026-03-20T14:26:34.428+0100 [TRACE] HTTP client GET request to https://releases.hashicorp.com/terraform-provider-template/2.2.0/terraform-provider-template_2.2.0_windows_amd64.zip
2026-03-20T14:26:34.563+0100 [DEBUG] Provider signed by 34365D9472D7468F HashiCorp Security (hashicorp.com/security) <security@hashicorp.com>
2026-03-20T14:26:34.682+0100 [TRACE] providercache.fillMetaCache: scanning directory .terraform\providers
2026-03-20T14:26:34.682+0100 [TRACE] getproviders.SearchLocalDirectory: found registry.terraform.io/hashicorp/template v2.2.0 for windows_amd64 at .terraform\providers\registry.terraform.io\hashicorp\template\2.2.0\windows_amd64
2026-03-20T14:26:34.682+0100 [TRACE] providercache.fillMetaCache: including .terraform\providers\registry.terraform.io\hashicorp\template\2.2.0\windows_amd64 as a candidate package for registry.terraform.io/hashicorp/template 2.2.0
2026-03-20T14:26:34.919+0100 [TRACE] providercache.fillMetaCache: using cached result from previous scan of .terraform\providers
2026-03-20T14:26:34.919+0100 [DEBUG] GET https://registry.terraform.io/v1/providers/hashicorp/null/3.2.4/download/windows/amd64
2026-03-20T14:26:34.919+0100 [TRACE] HTTP client GET request to https://registry.terraform.io/v1/providers/hashicorp/null/3.2.4/download/windows/amd64
2026-03-20T14:26:34.967+0100 [DEBUG] GET https://releases.hashicorp.com/terraform-provider-null/3.2.4/terraform-provider-null_3.2.4_SHA256SUMS
2026-03-20T14:26:34.967+0100 [TRACE] HTTP client GET request to https://releases.hashicorp.com/terraform-provider-null/3.2.4/terraform-provider-null_3.2.4_SHA256SUMS
2026-03-20T14:26:35.070+0100 [DEBUG] GET https://releases.hashicorp.com/terraform-provider-null/3.2.4/terraform-provider-null_3.2.4_SHA256SUMS.72D7468F.sig
2026-03-20T14:26:35.070+0100 [TRACE] HTTP client GET request to https://releases.hashicorp.com/terraform-provider-null/3.2.4/terraform-provider-null_3.2.4_SHA256SUMS.72D7468F.sig
2026-03-20T14:26:35.108+0100 [TRACE] providercache.Dir.InstallPackage: installing registry.terraform.io/hashicorp/null v3.2.4 from https://releases.hashicorp.com/terraform-provider-null/3.2.4/terraform-provider-null_3.2.4_windows_amd64.zip
2026-03-20T14:26:35.109+0100 [TRACE] HTTP client GET request to https://releases.hashicorp.com/terraform-provider-null/3.2.4/terraform-provider-null_3.2.4_windows_amd64.zip
2026-03-20T14:26:35.281+0100 [DEBUG] Provider signed by 34365D9472D7468F HashiCorp Security (hashicorp.com/security) <security@hashicorp.com>
2026-03-20T14:26:35.373+0100 [TRACE] providercache.fillMetaCache: scanning directory .terraform\providers
2026-03-20T14:26:35.375+0100 [TRACE] getproviders.SearchLocalDirectory: found registry.terraform.io/hashicorp/null v3.2.4 for windows_amd64 at .terraform\providers\registry.terraform.io\hashicorp\null\3.2.4\windows_amd64
2026-03-20T14:26:35.375+0100 [TRACE] getproviders.SearchLocalDirectory: found registry.terraform.io/hashicorp/template v2.2.0 for windows_amd64 at .terraform\providers\registry.terraform.io\hashicorp\template\2.2.0\windows_amd64
2026-03-20T14:26:35.375+0100 [TRACE] providercache.fillMetaCache: including .terraform\providers\registry.terraform.io\hashicorp\template\2.2.0\windows_amd64 as a candidate package for registry.terraform.io/hashicorp/template 2.2.0
2026-03-20T14:26:35.375+0100 [TRACE] providercache.fillMetaCache: including .terraform\providers\registry.terraform.io\hashicorp\null\3.2.4\windows_amd64 as a candidate package for registry.terraform.io/hashicorp/null 3.2.4
2026-03-20T14:26:35.408+0100 [TRACE] providercache.fillMetaCache: using cached result from previous scan of .terraform\providers
2026-03-20T14:26:35.408+0100 [DEBUG] GET https://registry.terraform.io/v1/providers/hashicorp/http/3.5.0/download/windows/amd64
2026-03-20T14:26:35.408+0100 [TRACE] HTTP client GET request to https://registry.terraform.io/v1/providers/hashicorp/http/3.5.0/download/windows/amd64
2026-03-20T14:26:35.501+0100 [DEBUG] GET https://releases.hashicorp.com/terraform-provider-http/3.5.0/terraform-provider-http_3.5.0_SHA256SUMS
2026-03-20T14:26:35.501+0100 [TRACE] HTTP client GET request to https://releases.hashicorp.com/terraform-provider-http/3.5.0/terraform-provider-http_3.5.0_SHA256SUMS
2026-03-20T14:26:35.605+0100 [DEBUG] GET https://releases.hashicorp.com/terraform-provider-http/3.5.0/terraform-provider-http_3.5.0_SHA256SUMS.72D7468F.sig
2026-03-20T14:26:35.605+0100 [TRACE] HTTP client GET request to https://releases.hashicorp.com/terraform-provider-http/3.5.0/terraform-provider-http_3.5.0_SHA256SUMS.72D7468F.sig
2026-03-20T14:26:35.648+0100 [TRACE] providercache.Dir.InstallPackage: installing registry.terraform.io/hashicorp/http v3.5.0 from https://releases.hashicorp.com/terraform-provider-http/3.5.0/terraform-provider-http_3.5.0_windows_amd64.zip
2026-03-20T14:26:35.649+0100 [TRACE] HTTP client GET request to https://releases.hashicorp.com/terraform-provider-http/3.5.0/terraform-provider-http_3.5.0_windows_amd64.zip
2026-03-20T14:26:35.836+0100 [DEBUG] Provider signed by 34365D9472D7468F HashiCorp Security (hashicorp.com/security) <security@hashicorp.com>
2026-03-20T14:26:35.929+0100 [TRACE] providercache.fillMetaCache: scanning directory .terraform\providers
2026-03-20T14:26:35.929+0100 [TRACE] getproviders.SearchLocalDirectory: found registry.terraform.io/hashicorp/http v3.5.0 for windows_amd64 at .terraform\providers\registry.terraform.io\hashicorp\http\3.5.0\windows_amd64
2026-03-20T14:26:35.930+0100 [TRACE] getproviders.SearchLocalDirectory: found registry.terraform.io/hashicorp/null v3.2.4 for windows_amd64 at .terraform\providers\registry.terraform.io\hashicorp\null\3.2.4\windows_amd64
2026-03-20T14:26:35.930+0100 [TRACE] getproviders.SearchLocalDirectory: found registry.terraform.io/hashicorp/template v2.2.0 for windows_amd64 at .terraform\providers\registry.terraform.io\hashicorp\template\2.2.0\windows_amd64
2026-03-20T14:26:35.930+0100 [TRACE] providercache.fillMetaCache: including .terraform\providers\registry.terraform.io\hashicorp\http\3.5.0\windows_amd64 as a candidate package for registry.terraform.io/hashicorp/http 3.5.0
2026-03-20T14:26:35.930+0100 [TRACE] providercache.fillMetaCache: including .terraform\providers\registry.terraform.io\hashicorp\null\3.2.4\windows_amd64 as a candidate package for registry.terraform.io/hashicorp/null 3.2.4
2026-03-20T14:26:35.930+0100 [TRACE] providercache.fillMetaCache: including .terraform\providers\registry.terraform.io\hashicorp\template\2.2.0\windows_amd64 as a candidate package for registry.terraform.io/hashicorp/template 2.2.0
2026-03-20T14:26:35.964+0100 [TRACE] providercache.fillMetaCache: using cached result from previous scan of .terraform\providers
2026-03-20T14:26:35.964+0100 [DEBUG] GET https://registry.terraform.io/v1/providers/hashicorp/local/2.7.0/download/windows/amd64
2026-03-20T14:26:35.964+0100 [TRACE] HTTP client GET request to https://registry.terraform.io/v1/providers/hashicorp/local/2.7.0/download/windows/amd64
2026-03-20T14:26:36.009+0100 [DEBUG] GET https://releases.hashicorp.com/terraform-provider-local/2.7.0/terraform-provider-local_2.7.0_SHA256SUMS
2026-03-20T14:26:36.009+0100 [TRACE] HTTP client GET request to https://releases.hashicorp.com/terraform-provider-local/2.7.0/terraform-provider-local_2.7.0_SHA256SUMS
2026-03-20T14:26:36.122+0100 [DEBUG] GET https://releases.hashicorp.com/terraform-provider-local/2.7.0/terraform-provider-local_2.7.0_SHA256SUMS.72D7468F.sig
2026-03-20T14:26:36.122+0100 [TRACE] HTTP client GET request to https://releases.hashicorp.com/terraform-provider-local/2.7.0/terraform-provider-local_2.7.0_SHA256SUMS.72D7468F.sig
2026-03-20T14:26:36.209+0100 [TRACE] providercache.Dir.InstallPackage: installing registry.terraform.io/hashicorp/local v2.7.0 from https://releases.hashicorp.com/terraform-provider-local/2.7.0/terraform-provider-local_2.7.0_windows_amd64.zip
2026-03-20T14:26:36.210+0100 [TRACE] HTTP client GET request to https://releases.hashicorp.com/terraform-provider-local/2.7.0/terraform-provider-local_2.7.0_windows_amd64.zip
2026-03-20T14:26:36.392+0100 [DEBUG] Provider signed by 34365D9472D7468F HashiCorp Security (hashicorp.com/security) <security@hashicorp.com>
2026-03-20T14:26:36.497+0100 [TRACE] providercache.fillMetaCache: scanning directory .terraform\providers
2026-03-20T14:26:36.498+0100 [TRACE] getproviders.SearchLocalDirectory: found registry.terraform.io/hashicorp/http v3.5.0 for windows_amd64 at .terraform\providers\registry.terraform.io\hashicorp\http\3.5.0\windows_amd64
2026-03-20T14:26:36.498+0100 [TRACE] getproviders.SearchLocalDirectory: found registry.terraform.io/hashicorp/local v2.7.0 for windows_amd64 at .terraform\providers\registry.terraform.io\hashicorp\local\2.7.0\windows_amd64
2026-03-20T14:26:36.499+0100 [TRACE] getproviders.SearchLocalDirectory: found registry.terraform.io/hashicorp/null v3.2.4 for windows_amd64 at .terraform\providers\registry.terraform.io\hashicorp\null\3.2.4\windows_amd64
2026-03-20T14:26:36.499+0100 [TRACE] getproviders.SearchLocalDirectory: found registry.terraform.io/hashicorp/template v2.2.0 for windows_amd64 at .terraform\providers\registry.terraform.io\hashicorp\template\2.2.0\windows_amd64
2026-03-20T14:26:36.499+0100 [TRACE] providercache.fillMetaCache: including .terraform\providers\registry.terraform.io\hashicorp\http\3.5.0\windows_amd64 as a candidate package for registry.terraform.io/hashicorp/http 3.5.0
2026-03-20T14:26:36.499+0100 [TRACE] providercache.fillMetaCache: including .terraform\providers\registry.terraform.io\hashicorp\local\2.7.0\windows_amd64 as a candidate package for registry.terraform.io/hashicorp/local 2.7.0
2026-03-20T14:26:36.499+0100 [TRACE] providercache.fillMetaCache: including .terraform\providers\registry.terraform.io\hashicorp\null\3.2.4\windows_amd64 as a candidate package for registry.terraform.io/hashicorp/null 3.2.4
2026-03-20T14:26:36.499+0100 [TRACE] providercache.fillMetaCache: including .terraform\providers\registry.terraform.io\hashicorp\template\2.2.0\windows_amd64 as a candidate package for registry.terraform.io/hashicorp/template 2.2.0
2026-03-20T14:26:36.535+0100 [TRACE] providercache.fillMetaCache: using cached result from previous scan of .terraform\providers
2026-03-20T14:26:36.535+0100 [DEBUG] GET https://registry.terraform.io/v1/providers/hashicorp/time/0.13.1/download/windows/amd64
2026-03-20T14:26:36.535+0100 [TRACE] HTTP client GET request to https://registry.terraform.io/v1/providers/hashicorp/time/0.13.1/download/windows/amd64
2026-03-20T14:26:36.553+0100 [DEBUG] GET https://releases.hashicorp.com/terraform-provider-time/0.13.1/terraform-provider-time_0.13.1_SHA256SUMS
2026-03-20T14:26:36.553+0100 [TRACE] HTTP client GET request to https://releases.hashicorp.com/terraform-provider-time/0.13.1/terraform-provider-time_0.13.1_SHA256SUMS
2026-03-20T14:26:36.617+0100 [DEBUG] GET https://releases.hashicorp.com/terraform-provider-time/0.13.1/terraform-provider-time_0.13.1_SHA256SUMS.72D7468F.sig
2026-03-20T14:26:36.617+0100 [TRACE] HTTP client GET request to https://releases.hashicorp.com/terraform-provider-time/0.13.1/terraform-provider-time_0.13.1_SHA256SUMS.72D7468F.sig
2026-03-20T14:26:36.708+0100 [TRACE] providercache.Dir.InstallPackage: installing registry.terraform.io/hashicorp/time v0.13.1 from https://releases.hashicorp.com/terraform-provider-time/0.13.1/terraform-provider-time_0.13.1_windows_amd64.zip
2026-03-20T14:26:36.709+0100 [TRACE] HTTP client GET request to https://releases.hashicorp.com/terraform-provider-time/0.13.1/terraform-provider-time_0.13.1_windows_amd64.zip
2026-03-20T14:26:36.839+0100 [DEBUG] Provider signed by 34365D9472D7468F HashiCorp Security (hashicorp.com/security) <security@hashicorp.com>
2026-03-20T14:26:36.927+0100 [TRACE] providercache.fillMetaCache: scanning directory .terraform\providers
2026-03-20T14:26:36.928+0100 [TRACE] getproviders.SearchLocalDirectory: found registry.terraform.io/hashicorp/http v3.5.0 for windows_amd64 at .terraform\providers\registry.terraform.io\hashicorp\http\3.5.0\windows_amd64
2026-03-20T14:26:36.929+0100 [TRACE] getproviders.SearchLocalDirectory: found registry.terraform.io/hashicorp/local v2.7.0 for windows_amd64 at .terraform\providers\registry.terraform.io\hashicorp\local\2.7.0\windows_amd64
2026-03-20T14:26:36.929+0100 [TRACE] getproviders.SearchLocalDirectory: found registry.terraform.io/hashicorp/null v3.2.4 for windows_amd64 at .terraform\providers\registry.terraform.io\hashicorp\null\3.2.4\windows_amd64
2026-03-20T14:26:36.929+0100 [TRACE] getproviders.SearchLocalDirectory: found registry.terraform.io/hashicorp/template v2.2.0 for windows_amd64 at .terraform\providers\registry.terraform.io\hashicorp\template\2.2.0\windows_amd64
2026-03-20T14:26:36.930+0100 [TRACE] getproviders.SearchLocalDirectory: found registry.terraform.io/hashicorp/time v0.13.1 for windows_amd64 at .terraform\providers\registry.terraform.io\hashicorp\time\0.13.1\windows_amd64
2026-03-20T14:26:36.930+0100 [TRACE] providercache.fillMetaCache: including .terraform\providers\registry.terraform.io\hashicorp\null\3.2.4\windows_amd64 as a candidate package for registry.terraform.io/hashicorp/null 3.2.4
2026-03-20T14:26:36.930+0100 [TRACE] providercache.fillMetaCache: including .terraform\providers\registry.terraform.io\hashicorp\template\2.2.0\windows_amd64 as a candidate package for registry.terraform.io/hashicorp/template 2.2.0
2026-03-20T14:26:36.930+0100 [TRACE] providercache.fillMetaCache: including .terraform\providers\registry.terraform.io\hashicorp\time\0.13.1\windows_amd64 as a candidate package for registry.terraform.io/hashicorp/time 0.13.1
2026-03-20T14:26:36.930+0100 [TRACE] providercache.fillMetaCache: including .terraform\providers\registry.terraform.io\hashicorp\http\3.5.0\windows_amd64 as a candidate package for registry.terraform.io/hashicorp/http 3.5.0
2026-03-20T14:26:36.930+0100 [TRACE] providercache.fillMetaCache: including .terraform\providers\registry.terraform.io\hashicorp\local\2.7.0\windows_amd64 as a candidate package for registry.terraform.io/hashicorp/local 2.7.0
2026-03-20T14:26:54.266+0100 [INFO]  Terraform version: 1.14.5
2026-03-20T14:26:54.292+0100 [DEBUG] using github.com/hashicorp/go-tfe v1.94.0
2026-03-20T14:26:54.292+0100 [DEBUG] using github.com/hashicorp/hcl/v2 v2.24.0
2026-03-20T14:26:54.292+0100 [DEBUG] using github.com/hashicorp/terraform-svchost v0.1.1
2026-03-20T14:26:54.292+0100 [DEBUG] using github.com/zclconf/go-cty v1.16.3
2026-03-20T14:26:54.292+0100 [INFO]  Go runtime version: go1.25.6
2026-03-20T14:26:54.292+0100 [INFO]  CLI args: []string{"C:\\Terraform\\terraform.exe", "providers"}
2026-03-20T14:26:54.293+0100 [TRACE] Stdout is a terminal of width 156
2026-03-20T14:26:54.293+0100 [TRACE] Stderr is a terminal of width 156
2026-03-20T14:26:54.293+0100 [TRACE] Stdin is a terminal
2026-03-20T14:26:54.295+0100 [DEBUG] Attempting to open CLI config file: C:\Users\torla\AppData\Roaming\terraform.rc
2026-03-20T14:26:54.295+0100 [DEBUG] File doesn't exist, but doesn't need to. Ignoring.
2026-03-20T14:26:54.295+0100 [DEBUG] ignoring non-existing provider search directory terraform.d/plugins
2026-03-20T14:26:54.295+0100 [DEBUG] ignoring non-existing provider search directory C:\Users\torla\AppData\Roaming\terraform.d\plugins
2026-03-20T14:26:54.296+0100 [DEBUG] ignoring non-existing provider search directory C:\Users\torla\AppData\Roaming\HashiCorp\Terraform\plugins
2026-03-20T14:26:54.296+0100 [INFO]  CLI command args: []string{"providers"}
2026-03-20T14:26:54.478+0100 [TRACE] Meta.Backend: no config given or present on disk, so returning nil config
2026-03-20T14:26:54.478+0100 [TRACE] Meta.Backend: backend has not previously been initialized in this working directory
2026-03-20T14:26:54.478+0100 [TRACE] Meta.Backend: using default local state only (no backend configuration, and no existing initialized backend)
2026-03-20T14:26:54.478+0100 [TRACE] Meta.Backend: instantiated backend of type <nil>
2026-03-20T14:26:54.478+0100 [DEBUG] checking for provisioner in "."
2026-03-20T14:26:54.478+0100 [DEBUG] checking for provisioner in "C:\\Terraform"
2026-03-20T14:26:54.478+0100 [TRACE] Meta.Backend: backend <nil> does not support operations, so wrapping it in a local backend
2026-03-20T14:26:54.478+0100 [TRACE] backend/local: state manager for workspace "default" will:
 - read initial snapshot from terraform.tfstate
 - write new snapshots to terraform.tfstate
 - create any backup at terraform.tfstate.backup
2026-03-20T14:26:54.478+0100 [TRACE] statemgr.Filesystem: reading initial snapshot from terraform.tfstate
2026-03-20T14:26:54.509+0100 [TRACE] statemgr.Filesystem: read snapshot with lineage "90606ece-dcbd-5b9b-edd4-5a490acb24ed" serial 473
